Using pre-set license
Built from '2020.2/release' branch; Version is '2020.2.1f1 (270dd8c3da1c) revision 2559448'; Using compiler version '192528614'; Build Type 'Release'
OS: 'Windows 10  (10.0.0) 64bit' Language: 'de' Physical Memory: 16338 MB
BatchMode: 1, IsHumanControllingUs: 0, StartBugReporterOnCrash: 0, Is64bit: 1, IsPro: 0

 COMMAND LINE ARGUMENTS:
C:\Program Files\Unity\Hub\Editor\2020.2.1f1\Editor\Unity.exe
-adb2
-batchMode
-noUpm
-name
AssetImportWorker0
-projectPath
F:/UnityProjects/PetTheKitties
-logFile
Logs/AssetImportWorker0.log
-srvPort
51350
Successfully changed project path to: F:/UnityProjects/PetTheKitties
F:/UnityProjects/PetTheKitties
Using Asset Import Pipeline V2.
Refreshing native plugins compatible for Editor in 45.39 ms, found 0 plugins.
Preloading 0 native plugins for Editor in 0.00 ms.
Initialize engine version: 2020.2.1f1 (270dd8c3da1c)
[Subsystems] Discovering subsystems at path C:/Program Files/Unity/Hub/Editor/2020.2.1f1/Editor/Data/Resources/UnitySubsystems
[Subsystems] Discovering subsystems at path F:/UnityProjects/PetTheKitties/Assets
GfxDevice: creating device client; threaded=0
Direct3D:
    Version:  Direct3D 11.0 [level 11.1]
    Renderer: NVIDIA GeForce RTX 3070 (ID=0x2484)
    Vendor:   
    VRAM:     8043 MB
    Driver:   27.21.14.6089
Initialize mono
Mono path[0] = 'C:/Program Files/Unity/Hub/Editor/2020.2.1f1/Editor/Data/Managed'
Mono path[1] = 'C:/Program Files/Unity/Hub/Editor/2020.2.1f1/Editor/Data/MonoBleedingEdge/lib/mono/unityjit'
Mono config path = 'C:/Program Files/Unity/Hub/Editor/2020.2.1f1/Editor/Data/MonoBleedingEdge/etc'
Using monoOptions --debugger-agent=transport=dt_socket,embedding=1,server=y,suspend=n,address=127.0.0.1:56228
Begin MonoManager ReloadAssembly
Registering precompiled unity dll's ...
Register platform support module: C:/Program Files/Unity/Hub/Editor/2020.2.1f1/Editor/Data/PlaybackEngines/WindowsStandaloneSupport/UnityEditor.WindowsStandalone.Extensions.dll
Registered in 0.002623 seconds.
Native extension for WindowsStandalone target not found
Refreshing native plugins compatible for Editor in 31.31 ms, found 0 plugins.
Preloading 0 native plugins for Editor in 0.00 ms.
Invoked RoslynAnalysisRunner static constructor.
RoslynAnalysisRunner will not be running.
RoslynAnalysisRunner has terminated.
Mono: successfully reloaded assembly
- Completed reload, in  1.250 seconds
Platform modules already initialized, skipping
Registering precompiled user dll's ...
Registered in 0.007952 seconds.
Begin MonoManager ReloadAssembly
Native extension for WindowsStandalone target not found
Refreshing native plugins compatible for Editor in 0.43 ms, found 0 plugins.
Preloading 0 native plugins for Editor in 0.00 ms.
Invoked RoslynAnalysisRunner static constructor.
RoslynAnalysisRunner will not be running.
RoslynAnalysisRunner has terminated.
Mono: successfully reloaded assembly
- Completed reload, in  0.909 seconds
Platform modules already initialized, skipping
========================================================================
Worker process is ready to serve import requests
Launched and connected shader compiler UnityShaderCompiler.exe after 0.05 seconds
Refreshing native plugins compatible for Editor in 0.49 ms, found 0 plugins.
Preloading 0 native plugins for Editor in 0.00 ms.
Unloading 2030 Unused Serialized files (Serialized files now loaded: 0)
System memory in use before: 86.1 MB.
System memory in use after: 86.1 MB.

Unloading 36 unused Assets to reduce memory usage. Loaded Objects now: 2470.
Total: 2.346400 ms (FindLiveObjects: 0.425000 ms CreateObjectMapping: 0.136600 ms MarkObjects: 1.673100 ms  DeleteObjects: 0.109900 ms)

========================================================================
Received Import Request.
  path: Assets/Configurations/AssetReferenceConfiguration.asset
  artifactKey: Guid(f82ab48159349774589c9a232c847b47) Importer(815301076,1909f56bfc062723c751e8b465ee728b)
Start importing Assets/Configurations/AssetReferenceConfiguration.asset using Guid(f82ab48159349774589c9a232c847b47) Importer(815301076,1909f56bfc062723c751e8b465ee728b)  -> (artifact id: '794196de07b984085493404c5f076319') in 0.073824 seconds
  Import took 0.081017 seconds .

========================================================================
Received Prepare
Registering precompiled user dll's ...
Registered in 0.009124 seconds.
Begin MonoManager ReloadAssembly
Native extension for WindowsStandalone target not found
Refreshing native plugins compatible for Editor in 0.47 ms, found 0 plugins.
Preloading 0 native plugins for Editor in 0.00 ms.
Invoked RoslynAnalysisRunner static constructor.
RoslynAnalysisRunner will not be running.
RoslynAnalysisRunner has terminated.
Mono: successfully reloaded assembly
- Completed reload, in  1.000 seconds
Platform modules already initialized, skipping
Refreshing native plugins compatible for Editor in 0.53 ms, found 0 plugins.
Preloading 0 native plugins for Editor in 0.00 ms.
Unloading 2001 Unused Serialized files (Serialized files now loaded: 0)
System memory in use before: 85.1 MB.
System memory in use after: 85.1 MB.

Unloading 27 unused Assets to reduce memory usage. Loaded Objects now: 2473.
Total: 2.007300 ms (FindLiveObjects: 0.240800 ms CreateObjectMapping: 0.102600 ms MarkObjects: 1.578100 ms  DeleteObjects: 0.084000 ms)

========================================================================
Received Prepare
Registering precompiled user dll's ...
Registered in 0.008897 seconds.
Begin MonoManager ReloadAssembly
Native extension for WindowsStandalone target not found
Refreshing native plugins compatible for Editor in 0.56 ms, found 0 plugins.
Preloading 0 native plugins for Editor in 0.00 ms.
Invoked RoslynAnalysisRunner static constructor.
RoslynAnalysisRunner will not be running.
RoslynAnalysisRunner has terminated.
Mono: successfully reloaded assembly
- Completed reload, in  0.922 seconds
Platform modules already initialized, skipping
Refreshing native plugins compatible for Editor in 0.43 ms, found 0 plugins.
Preloading 0 native plugins for Editor in 0.00 ms.
Unloading 2000 Unused Serialized files (Serialized files now loaded: 0)
System memory in use before: 85.3 MB.
System memory in use after: 85.3 MB.

Unloading 27 unused Assets to reduce memory usage. Loaded Objects now: 2475.
Total: 1.696700 ms (FindLiveObjects: 0.203200 ms CreateObjectMapping: 0.077300 ms MarkObjects: 1.345400 ms  DeleteObjects: 0.069500 ms)

========================================================================
Received Import Request.
  Time since last request: 283.740576 seconds.
  path: Assets/AddressableAssetsData/AddressableAssetSettings.asset
  artifactKey: Guid(391054feb7332e540a1cd1cfa41114dc) Importer(815301076,1909f56bfc062723c751e8b465ee728b)
Start importing Assets/AddressableAssetsData/AddressableAssetSettings.asset using Guid(391054feb7332e540a1cd1cfa41114dc) Importer(815301076,1909f56bfc062723c751e8b465ee728b)  -> (artifact id: 'd4834a6c4d08d7b0f15f5b3ea0978028') in 0.028405 seconds
  Import took 0.036270 seconds .

========================================================================
Received Import Request.
  Time since last request: 0.000999 seconds.
  path: Assets/AddressableAssetsData/DefaultObject.asset
  artifactKey: Guid(ac0a9d17c590fb442a8afc6ab75c4aa6) Importer(815301076,1909f56bfc062723c751e8b465ee728b)
Start importing Assets/AddressableAssetsData/DefaultObject.asset using Guid(ac0a9d17c590fb442a8afc6ab75c4aa6) Importer(815301076,1909f56bfc062723c751e8b465ee728b)  -> (artifact id: '69ec3d7cfe618588a0819ac3d1612198') in 0.062683 seconds
  Import took 0.070629 seconds .

========================================================================
Received Import Request.
  Time since last request: 0.005027 seconds.
  path: Assets/AddressableAssetsData/DefaultObject.asset
  artifactKey: Guid(ac0a9d17c590fb442a8afc6ab75c4aa6) Importer(815301076,1909f56bfc062723c751e8b465ee728b)
Start importing Assets/AddressableAssetsData/DefaultObject.asset using Guid(ac0a9d17c590fb442a8afc6ab75c4aa6) Importer(815301076,1909f56bfc062723c751e8b465ee728b)  -> (artifact id: '69ec3d7cfe618588a0819ac3d1612198') in 0.004428 seconds
  Import took 0.011528 seconds .

========================================================================
Received Import Request.
  Time since last request: 5.482772 seconds.
  path: Assets/Scenes/Loading.unity
  artifactKey: Guid(2ba94a12295a3424eb5d0850c43ea572) Importer(815301076,1909f56bfc062723c751e8b465ee728b)
Start importing Assets/Scenes/Loading.unity using Guid(2ba94a12295a3424eb5d0850c43ea572) Importer(815301076,1909f56bfc062723c751e8b465ee728b)  -> (artifact id: '857f52ff3f219ad42842604978a70fbd') in 0.003083 seconds
  Import took 0.010760 seconds .

========================================================================
Received Import Request.
  Time since last request: 12.850579 seconds.
  path: Assets/Scenes/Init.unity
  artifactKey: Guid(7b7732ec5dc96da489f29f6cce88c44a) Importer(815301076,1909f56bfc062723c751e8b465ee728b)
Start importing Assets/Scenes/Init.unity using Guid(7b7732ec5dc96da489f29f6cce88c44a) Importer(815301076,1909f56bfc062723c751e8b465ee728b)  -> (artifact id: '2f9e5f78aa297e97046dce393b321940') in 0.003220 seconds
  Import took 0.011358 seconds .

========================================================================
Received Import Request.
  Time since last request: 0.109303 seconds.
  path: Assets/Scenes/Init.unity
  artifactKey: Guid(7b7732ec5dc96da489f29f6cce88c44a) Importer(815301076,1909f56bfc062723c751e8b465ee728b)
Start importing Assets/Scenes/Init.unity using Guid(7b7732ec5dc96da489f29f6cce88c44a) Importer(815301076,1909f56bfc062723c751e8b465ee728b)  -> (artifact id: '2f9e5f78aa297e97046dce393b321940') in 0.002984 seconds
  Import took 0.009608 seconds .

========================================================================
Received Prepare
Registering precompiled user dll's ...
Registered in 0.014440 seconds.
Begin MonoManager ReloadAssembly
Native extension for WindowsStandalone target not found
Refreshing native plugins compatible for Editor in 0.44 ms, found 0 plugins.
Preloading 0 native plugins for Editor in 0.00 ms.
Invoked RoslynAnalysisRunner static constructor.
RoslynAnalysisRunner will not be running.
RoslynAnalysisRunner has terminated.
Mono: successfully reloaded assembly
- Completed reload, in  0.829 seconds
Platform modules already initialized, skipping
Refreshing native plugins compatible for Editor in 0.42 ms, found 0 plugins.
Preloading 0 native plugins for Editor in 0.00 ms.
Unloading 2002 Unused Serialized files (Serialized files now loaded: 0)
System memory in use before: 85.5 MB.
System memory in use after: 85.5 MB.

Unloading 28 unused Assets to reduce memory usage. Loaded Objects now: 2478.
Total: 2.082300 ms (FindLiveObjects: 0.306000 ms CreateObjectMapping: 0.134600 ms MarkObjects: 1.545600 ms  DeleteObjects: 0.094600 ms)

